{
  "stats": {
    "suites": 1,
    "tests": 1,
    "passes": 1,
    "pending": 0,
    "failures": 0,
    "start": "2023-10-25T23:21:05.416Z",
    "end": "2023-10-25T23:21:14.405Z",
    "duration": 8989,
    "testsRegistered": 1,
    "passPercent": 100,
    "pendingPercent": 0,
    "other": 0,
    "hasOther": false,
    "skipped": 0,
    "hasSkipped": false
  },
  "results": [
    {
      "uuid": "7be1866e-03b4-47f5-a70f-1207563e870e",
      "title": "",
      "fullFile": "cypress\\integration\\examples\\RoboFiendTest.js",
      "file": "cypress\\integration\\examples\\RoboFiendTest.js",
      "beforeHooks": [],
      "afterHooks": [],
      "tests": [],
      "suites": [
        {
          "uuid": "8519d5af-69fe-478d-ac29-0a7d5f3d752b",
          "title": "first test suite",
          "fullFile": "",
          "file": "",
          "beforeHooks": [],
          "afterHooks": [],
          "tests": [
            {
              "title": "My robofiend test case",
              "fullTitle": "first test suite My robofiend test case",
              "timedOut": null,
              "duration": 1872,
              "state": "passed",
              "speed": "fast",
              "pass": true,
              "fail": false,
              "pending": false,
              "context": null,
              "code": "cy.visit(\"http://localhost:3000\");\ncy.get(\"div[class='tc'] h1\").then(function (title) {\n  expect(title).to.have.text(\"Hey! Meet My RoboFriends!!\");\n});",
              "err": {},
              "uuid": "405b9ed7-b873-49e3-8355-7c38d057a746",
              "parentUUID": "8519d5af-69fe-478d-ac29-0a7d5f3d752b",
              "isHook": false,
              "skipped": false
            }
          ],
          "suites": [],
          "passes": [
            "405b9ed7-b873-49e3-8355-7c38d057a746"
          ],
          "failures": [],
          "pending": [],
          "skipped": [],
          "duration": 1872,
          "root": false,
          "rootEmpty": false,
          "_timeout": 2000
        }
      ],
      "passes": [],
      "failures": [],
      "pending": [],
      "skipped": [],
      "duration": 0,
      "root": true,
      "rootEmpty": true,
      "_timeout": 2000
    }
  ],
  "meta": {
    "mocha": {
      "version": "7.0.1"
    },
    "mochawesome": {
      "options": {
        "quiet": false,
        "reportFilename": "mochawesome",
        "saveHtml": true,
        "saveJson": true,
        "consoleReporter": "spec",
        "useInlineDiffs": false,
        "code": true
      },
      "version": "7.1.3"
    },
    "marge": {
      "options": {
        "charts": true,
        "reportPageTitle": "CYPRESS-TESTS",
        "embeddedScreenshots": true,
        "inlineAssets": true
      },
      "version": "6.2.0"
    }
  }
}